生成启动时间为 2016/12/3 15:11:03。
     1>项目“D:\Code\sy\DS\SCList\SCList.vcxproj”在节点 2 上(build 个目标)。
     1>InitializeBuildStatus:
         正在对“Debug\SCList.unsuccessfulbuild”执行 Touch 任务。
       ClCompile:
         d:\soft\vs2010\VC\bin\CL.exe /c /ZI /nologo /W3 /WX- /Od /Oy- /D WIN32 /D _DEBUG /D _CONSOLE /D _UNICODE /D UNICODE /Gm /EHsc /RTC1 /MDd /GS /fp:precise /Zc:wchar_t /Zc:forScope /Fo"Debug\\" /Fd"Debug\vc100.pdb" /Gd /TP /analyze- /errorReport:prompt Main.cpp
         Main.cpp
       ManifestResourceCompile:
         C:\Program Files\Microsoft SDKs\Windows\v7.0A\bin\rc.exe /nologo /fo"Debug\SCList.exe.embed.manifest.res" Debug\SCList_manifest.rc 
       Link:
         d:\soft\vs2010\VC\bin\link.exe /ERRORREPORT:PROMPT /OUT:"D:\Code\sy\DS\Debug\SCList.exe" /INCREMENTAL /NOLOGO kernel32.lib user32.lib gdi32.lib winspool.lib comdlg32.lib advapi32.lib shell32.lib ole32.lib oleaut32.lib uuid.lib odbc32.lib odbccp32.lib /MANIFEST /ManifestFile:"Debug\SCList.exe.intermediate.manifest" /MANIFESTUAC:"level='asInvoker' uiAccess='false'" /DEBUG /PDB:"D:\Code\sy\DS\Debug\SCList.pdb" /SUBSYSTEM:CONSOLE /TLBID:1 /DYNAMICBASE /NXCOMPAT /IMPLIB:"D:\Code\sy\DS\Debug\SCList.lib" /MACHINE:X86 Debug\SCList.exe.embed.manifest.res
         Debug\Main.obj
       Manifest:
         C:\Program Files\Microsoft SDKs\Windows\v7.0A\bin\mt.exe /nologo /verbose /out:"Debug\SCList.exe.embed.manifest" /manifest Debug\SCList.exe.intermediate.manifest
         C:\Program Files\Microsoft SDKs\Windows\v7.0A\bin\rc.exe /nologo /fo"Debug\SCList.exe.embed.manifest.res" Debug\SCList_manifest.rc 
       LinkEmbedManifest:
         d:\soft\vs2010\VC\bin\link.exe /ERRORREPORT:PROMPT /OUT:"D:\Code\sy\DS\Debug\SCList.exe" /INCREMENTAL /NOLOGO kernel32.lib user32.lib gdi32.lib winspool.lib comdlg32.lib advapi32.lib shell32.lib ole32.lib oleaut32.lib uuid.lib odbc32.lib odbccp32.lib /MANIFEST /ManifestFile:"Debug\SCList.exe.intermediate.manifest" /MANIFESTUAC:"level='asInvoker' uiAccess='false'" /DEBUG /PDB:"D:\Code\sy\DS\Debug\SCList.pdb" /SUBSYSTEM:CONSOLE /TLBID:1 /DYNAMICBASE /NXCOMPAT /IMPLIB:"D:\Code\sy\DS\Debug\SCList.lib" /MACHINE:X86 Debug\SCList.exe.embed.manifest.res
         Debug\Main.obj
         SCList.vcxproj -> D:\Code\sy\DS\Debug\SCList.exe
       FinalizeBuildStatus:
         正在删除文件“Debug\SCList.unsuccessfulbuild”。
         正在对“Debug\SCList.lastbuildstate”执行 Touch 任务。
     1>已完成生成项目“D:\Code\sy\DS\SCList\SCList.vcxproj”(build 个目标)的操作。

生成成功。

已用时间 00:00:01.23
