生成启动时间为 2016/12/6 20:52:49。
     1>项目“D:\Code\sy\DS\SeqStack\SeqStack.vcxproj”在节点 2 上(build 个目标)。
     1>InitializeBuildStatus:
         正在对“Debug\SeqStack.unsuccessfulbuild”执行 Touch 任务。
       ClCompile:
         d:\soft\vs2010\VC\bin\CL.exe /c /ZI /nologo /W3 /WX- /Od /Oy- /D WIN32 /D _DEBUG /D _CONSOLE /D _UNICODE /D UNICODE /Gm /EHsc /RTC1 /MDd /GS /fp:precise /Zc:wchar_t /Zc:forScope /Fo"Debug\\" /Fd"Debug\vc100.pdb" /Gd /TP /analyze- /errorReport:prompt Main.cpp stack.h
         stack.h
         Main.cpp
         正在生成代码...
     1>d:\code\sy\ds\seqstack\stack.h(49): warning C4715: “Stack<int>::gettop”: 不是所有的控件路径都返回值
       ManifestResourceCompile:
         所有输出均为最新。
       Link:
         d:\soft\vs2010\VC\bin\link.exe /ERRORREPORT:PROMPT /OUT:"D:\Code\sy\DS\Debug\SeqStack.exe" /INCREMENTAL /NOLOGO kernel32.lib user32.lib gdi32.lib winspool.lib comdlg32.lib advapi32.lib shell32.lib ole32.lib oleaut32.lib uuid.lib odbc32.lib odbccp32.lib /MANIFEST /ManifestFile:"Debug\SeqStack.exe.intermediate.manifest" /MANIFESTUAC:"level='asInvoker' uiAccess='false'" /DEBUG /PDB:"D:\Code\sy\DS\Debug\SeqStack.pdb" /SUBSYSTEM:CONSOLE /TLBID:1 /DYNAMICBASE /NXCOMPAT /IMPLIB:"D:\Code\sy\DS\Debug\SeqStack.lib" /MACHINE:X86 Debug\SeqStack.exe.embed.manifest.res
         Debug\Main.obj
         Debug\stack.obj
       Manifest:
         C:\Program Files\Microsoft SDKs\Windows\v7.0A\bin\mt.exe /nologo /verbose /out:"Debug\SeqStack.exe.embed.manifest" /manifest Debug\SeqStack.exe.intermediate.manifest
         所有输出均为最新。
       LinkEmbedManifest:
         所有输出均为最新。
         SeqStack.vcxproj -> D:\Code\sy\DS\Debug\SeqStack.exe
       FinalizeBuildStatus:
         正在删除文件“Debug\SeqStack.unsuccessfulbuild”。
         正在对“Debug\SeqStack.lastbuildstate”执行 Touch 任务。
     1>已完成生成项目“D:\Code\sy\DS\SeqStack\SeqStack.vcxproj”(build 个目标)的操作。

生成成功。

已用时间 00:00:01.01
