生成启动时间为 2016/8/6 7:45:41。
     1>项目“F:\C语言代码\20160806\20160806\20160806.vcxproj”在节点 2 上(build 个目标)。
     1>InitializeBuildStatus:
         正在对“Debug\20160806.unsuccessfulbuild”执行 Touch 任务。
       ClCompile:
         f:\软件\2010\VC\bin\CL.exe /c /ZI /nologo /W3 /WX- /Od /Oy- /D WIN32 /D _DEBUG /D _CONSOLE /D _UNICODE /D UNICODE /Gm /EHsc /RTC1 /MDd /GS /fp:precise /Zc:wchar_t /Zc:forScope /Fo"Debug\\" /Fd"Debug\vc100.pdb" /Gd /TC /analyze- /errorReport:prompt 20160806test.c
         20160806test.c
     1>f:\c语言代码\20160806\20160806\20160806test.c(26): warning C4996: 'scanf': This function or variable may be unsafe. Consider using scanf_s instead. To disable deprecation, use _CRT_SECURE_NO_WARNINGS. See online help for details.
                 f:\软件\2010\vc\include\stdio.h(304) : 参见“scanf”的声明
       ManifestResourceCompile:
         所有输出均为最新。
       Link:
         f:\软件\2010\VC\bin\link.exe /ERRORREPORT:PROMPT /OUT:"F:\C语言代码\20160806\Debug\20160806.exe" /INCREMENTAL /NOLOGO kernel32.lib user32.lib gdi32.lib winspool.lib comdlg32.lib advapi32.lib shell32.lib ole32.lib oleaut32.lib uuid.lib odbc32.lib odbccp32.lib /MANIFEST /ManifestFile:"Debug\20160806.exe.intermediate.manifest" /MANIFESTUAC:"level='asInvoker' uiAccess='false'" /DEBUG /PDB:"F:\C语言代码\20160806\Debug\20160806.pdb" /SUBSYSTEM:CONSOLE /TLBID:1 /DYNAMICBASE /NXCOMPAT /IMPLIB:"F:\C语言代码\20160806\Debug\20160806.lib" /MACHINE:X86 Debug\20160806.exe.embed.manifest.res
         Debug\20160806test.obj
       Manifest:
         C:\Program Files\Microsoft SDKs\Windows\v7.0A\bin\mt.exe /nologo /verbose /out:"Debug\20160806.exe.embed.manifest" /manifest Debug\20160806.exe.intermediate.manifest
         所有输出均为最新。
       LinkEmbedManifest:
         所有输出均为最新。
         20160806.vcxproj -> F:\C语言代码\20160806\Debug\20160806.exe
       FinalizeBuildStatus:
         正在删除文件“Debug\20160806.unsuccessfulbuild”。
         正在对“Debug\20160806.lastbuildstate”执行 Touch 任务。
     1>已完成生成项目“F:\C语言代码\20160806\20160806\20160806.vcxproj”(build 个目标)的操作。

生成成功。

已用时间 00:00:00.64
