生成启动时间为 2016/8/12 1:14:33。
     1>项目“F:\C语言代码\20160811\20160811\20160811.vcxproj”在节点 2 上(build 个目标)。
     1>InitializeBuildStatus:
         正在对“Debug\20160811.unsuccessfulbuild”执行 Touch 任务。
       ClCompile:
         f:\软件\2010\VC\bin\CL.exe /c /ZI /nologo /W3 /WX- /Od /Oy- /D WIN32 /D _DEBUG /D _CONSOLE /D _UNICODE /D UNICODE /Gm /EHsc /RTC1 /MDd /GS /fp:precise /Zc:wchar_t /Zc:forScope /Fo"Debug\\" /Fd"Debug\vc100.pdb" /Gd /TP /analyze- /errorReport:prompt 201608111test.cpp
         201608111test.cpp
         所有输出均为最新。
       ManifestResourceCompile:
         所有输出均为最新。
       Link:
         f:\软件\2010\VC\bin\link.exe /ERRORREPORT:PROMPT /OUT:"F:\C语言代码\20160811\Debug\20160811.exe" /INCREMENTAL /NOLOGO kernel32.lib user32.lib gdi32.lib winspool.lib comdlg32.lib advapi32.lib shell32.lib ole32.lib oleaut32.lib uuid.lib odbc32.lib odbccp32.lib /MANIFEST /ManifestFile:"Debug\20160811.exe.intermediate.manifest" /MANIFESTUAC:"level='asInvoker' uiAccess='false'" /DEBUG /PDB:"F:\C语言代码\20160811\Debug\20160811.pdb" /SUBSYSTEM:CONSOLE /TLBID:1 /DYNAMICBASE /NXCOMPAT /IMPLIB:"F:\C语言代码\20160811\Debug\20160811.lib" /MACHINE:X86 Debug\20160811.exe.embed.manifest.res
         Debug\201608111test.obj
         Debug\20160811test.obj
       Manifest:
         C:\Program Files\Microsoft SDKs\Windows\v7.0A\bin\mt.exe /nologo /verbose /out:"Debug\20160811.exe.embed.manifest" /manifest Debug\20160811.exe.intermediate.manifest
         所有输出均为最新。
       LinkEmbedManifest:
         所有输出均为最新。
         20160811.vcxproj -> F:\C语言代码\20160811\Debug\20160811.exe
       FinalizeBuildStatus:
         正在删除文件“Debug\20160811.unsuccessfulbuild”。
         正在对“Debug\20160811.lastbuildstate”执行 Touch 任务。
     1>已完成生成项目“F:\C语言代码\20160811\20160811\20160811.vcxproj”(build 个目标)的操作。

生成成功。

已用时间 00:00:00.76
