生成启动时间为 2016/11/29 21:05:28。
     1>项目“D:\Code\sy\DS\List\List\List.vcxproj”在节点 2 上(build 个目标)。
     1>InitializeBuildStatus:
         正在对“Debug\List.unsuccessfulbuild”执行 Touch 任务。
       ClCompile:
         d:\soft\vs2010\VC\bin\CL.exe /c /ZI /nologo /W3 /WX- /Od /Oy- /D WIN32 /D _DEBUG /D _CONSOLE /D _UNICODE /D UNICODE /Gm /EHsc /RTC1 /MDd /GS /fp:precise /Zc:wchar_t /Zc:forScope /Fo"Debug\\" /Fd"Debug\vc100.pdb" /Gd /TP /analyze- /errorReport:prompt test.cpp
         test.cpp
       ManifestResourceCompile:
         所有输出均为最新。
       Link:
         d:\soft\vs2010\VC\bin\link.exe /ERRORREPORT:PROMPT /OUT:"D:\Code\sy\DS\List\Debug\List.exe" /INCREMENTAL /NOLOGO kernel32.lib user32.lib gdi32.lib winspool.lib comdlg32.lib advapi32.lib shell32.lib ole32.lib oleaut32.lib uuid.lib odbc32.lib odbccp32.lib /MANIFEST /ManifestFile:"Debug\List.exe.intermediate.manifest" /MANIFESTUAC:"level='asInvoker' uiAccess='false'" /DEBUG /PDB:"D:\Code\sy\DS\List\Debug\List.pdb" /SUBSYSTEM:CONSOLE /TLBID:1 /DYNAMICBASE /NXCOMPAT /IMPLIB:"D:\Code\sy\DS\List\Debug\List.lib" /MACHINE:X86 Debug\List.exe.embed.manifest.res
         Debug\test.obj
       Manifest:
         C:\Program Files\Microsoft SDKs\Windows\v7.0A\bin\mt.exe /nologo /verbose /out:"Debug\List.exe.embed.manifest" /manifest Debug\List.exe.intermediate.manifest
         C:\Program Files\Microsoft SDKs\Windows\v7.0A\bin\rc.exe /nologo /fo"Debug\List.exe.embed.manifest.res" Debug\List_manifest.rc 
       LinkEmbedManifest:
         d:\soft\vs2010\VC\bin\link.exe /ERRORREPORT:PROMPT /OUT:"D:\Code\sy\DS\List\Debug\List.exe" /INCREMENTAL /NOLOGO kernel32.lib user32.lib gdi32.lib winspool.lib comdlg32.lib advapi32.lib shell32.lib ole32.lib oleaut32.lib uuid.lib odbc32.lib odbccp32.lib /MANIFEST /ManifestFile:"Debug\List.exe.intermediate.manifest" /MANIFESTUAC:"level='asInvoker' uiAccess='false'" /DEBUG /PDB:"D:\Code\sy\DS\List\Debug\List.pdb" /SUBSYSTEM:CONSOLE /TLBID:1 /DYNAMICBASE /NXCOMPAT /IMPLIB:"D:\Code\sy\DS\List\Debug\List.lib" /MACHINE:X86 Debug\List.exe.embed.manifest.res
         Debug\test.obj
         List.vcxproj -> D:\Code\sy\DS\List\Debug\List.exe
       FinalizeBuildStatus:
         正在删除文件“Debug\List.unsuccessfulbuild”。
         正在对“Debug\List.lastbuildstate”执行 Touch 任务。
     1>已完成生成项目“D:\Code\sy\DS\List\List\List.vcxproj”(build 个目标)的操作。

生成成功。

已用时间 00:00:01.09
